[   0.0000Intialzi croupubs puse
[   .000 Iitalincgroup ssycp
[   .0000] Itiizng cgrp bsyspucct
   00000Linux rson 4.4.0-135-gerc (bldlcy01-d6020) ccerion 5..0010609Ubtu5.4.0-buu1~16..1 ) #161-Ubuntu SMP Mon Aug 27 10:45:01 UTC 2018 (Ubuntu 4.4.0-135.161-generic 4.4.140)
[    0.000000] Command line: BOOT_IMAGE=/boot/vmlinuz-4.4.0-135-generic root=LABEL=cloudimg-rootfs ro console=tty1 console=ttyS0
[    0.000000] KERNEL supported cpus:
[    0.000000]   Intel GenuineIntel
[    0.000000]   AMD AuthenticAMD
[    0.000000]   Centaur CentaurHauls
[    0.000000] x86/fpu: xstate_offset[2]:  576, xstate_sizes[2]:  256
[    0.000000] x86/fpu: Supporting XSAVE feature 0x01: 'x87 floating point registers'
[    0.000000] x86/fpu: Supporting XSAVE feature 0x02: 'SSE registers'
[    0.000000] x86/fpu: Supporting XSAVE feature 0x04: 'AVX registers'
[    0.000000] x86/fpu: Enabled xstate features 0x7, context size is 832 bytes, using 'standard' format.
[    0.000000] e820: BIOS-provided physical RAM map:
[    0.000000] BIOS-e820: [mem 0x00000000000000-000000000fbf]sae
[    0000 BS-20 [me 000000000fc-0x0000000ff] served[   0.0000BIOS-e0:mem x0000000f00-0000000ffff]esved  0.0000] OS-e0:me 0x0000000000100000-0x00000000dffeffff] usable
[    0.000000] BIOS-e820: [mem 0x00000000dfff00-0000000ffff] AC da
[  00000] OS820:[m 0000000ec000-00000fecff reserved[   0.00] BIS-20[mem 0x000000f0000-000000feeff reserd    0.00] BI-e0:[memx00000ff000-0x00000000ffffffff] reserved
[    0.000000] BIOS-e820: [mem 0x0000000100000000-0x000000021fffffff] usable
[    0.000000] NX (Execute Disable) protection: active
[    0.000000] SMBIOS 2.5 present.
[    0.000000] Hypervisor detected: KVM
[    0.000000] e820: last_pfn = 0x220000 max_arch_pfn = 0x400000000
[    0.000000] MTRR: Disabled
[    .0000] x/P: TRRsdibld, skiinPAT iniazati t.
[  0.0000CPU MTRs a bnk -iralze ste
[  00000x8PA: nfurti [7] WB WTUC UC  W W UC- U     0.000] e820: last_pfn = 0xdfff0 max_arch_pfn = 0x400000000
[    0.000000] found SMP MP-table at [mem 0x0009fff0-0x0009ffff] mapped at [ffff88000009fff0]
[    0.000000] Scanning 1 areas for low memory corruption
[    0.000000] RAMDISK: [mem 0x3630a000-0x3717cfff]
[    0.000000] ACPI: Early table checksum verification disabled
[    0.000000] ACPI: RSDP 0x00000000000E0000 000024 (v02 VBOX  )
[    0.000000] ACPI: XSDT 0x00000000DFFF0030 00003C (v01 VBOX   VBOXXSDT 00000001 ASL  00000061)
[    0.000000] ACPI: FACP 0x00000000DFFF00F0 0000F4 (v04 VBOX   VBOXFACP 00000001 ASL  00000061)
[    0.000000] ACPI: DSDT 0x00000000DFFF0480 0021FF (v02 VBOX   VBOXBIOS 00000002 INTL 20180105)
[    0.000000] ACPI: FACS 0x00000000DFFF0200 000040[  0.0000]CPI: FACS0x0000DF02 00004
[  0.0000] PI: IC0x000000DF02 00006(v VBO  BOPIC 000000AS  0061
[  00000] PISSDT 000000DFFB0001C(v VOX VOXUT 0002 NTL 20180105)
[    0.000000] No NUMA configuration found
[    0.000000] Faking a node at [mem 0x0000000000000000-0x000000021fffffff]
[    0.000000] NODE_DATA(0) allocated [mem 0x21fff5000-0x21fff9fff]
[    0.000000] kvm-clock: Using msrs 4b564d01 and 4b564d00
[    0.000000] kvm-clock: cpu 0, msr 2:1ffed001, primary cpu clock
[    0.000000] kvm-clock: using sched offset of 3138327307 cycles
[    0.000000] clocksource: kvm-clock: mask: 0xffffffffffffffff max_cycles: 0x1cd42e4dffb, max_idle_ns: 881590591483 ns
[    0.000000] Zone ranges:
[    0.000000]   DMA      [mem 0x0000000000001000-0x0000000000ffffff]
[    0.000000]   DMA32    [mem 0x0000000001000000-0x00000000ffffffff]
[    0.000000]   Normal   [mem 0x0000000100000000-0x000000021fffffff]
[    0.000000]   Device   empty
[    0.000000] Movable zone start for each node
[    0.000000] Early memory node ranges
[    0.000000]   node   0: [mem 0x0000000000001000-0x0000000009efff]
[    0.000000]   node   0: [mem 0x0000000000100000-0x00000000dffeffff]
[    0.000000]   node   0: [mem 0x0000000100000000-0x000000021fffffff]
[    0.000000] Initmem setup node 0 [mem 0x000000000001000-0x000000021fffffff]
[    0.000000] ACPI: PM-Timer IO Port: 0x4008
[    0.000000] IOAPIC[0]: apic_id 4, vrsion 32, address 0xfec00000, GSI 0-23
[    0.000000] ACPI: INT_SRC_OVRR (bus 0 bus_irq 0 global_irq 2 dfl dfl)
[    0.000000] ACPI: INT_SRC_OVR (bus 0 bus_irq 9 global_irq 9 low level)
[    0.000000] Using ACPI (MADT) for SMP configuration information
[    0.000000] smpboot: Allowing 4 CPUs, 0 hotplug CPUs
[    0.000000] PM: Registered nosave memory: [mem 0x00000000-0x00000fff]
[    0.000000] PM: Registered nosave memory: [mem 0x0009f000-0x0009ffff]
[    0.000000] PM: Registered nosave memory: [mem 0x000a0000-0x000effff]
[    0.000000] PM: Registered nosave memory: [mem 0x000f0000-0x000fffff]
[    0.000000] PM: Registered nosave memory: [mem 0xdfff0000-0xdfffffff]
[    0.000000] PM: Registered nosave memory: [mem 0xe0000000-0xfebfffff]
[    0.000000] PM: Registered nosave memory: [mem 0xfec00000-0xfec00fff]
[    0.000000] PM: Registered nosave memory: [mem 0xfec01000-0xfedfffff]
[    0.000000] PM: Registered nosave memory: [mem 0xfee00000-0xfee00fff]
[    0.000000] PM: Registered nosave memory: [mem 0xfee01000-0xfffbffff]
[    0.000000] PM: Registered nosave memory: [mem 0xfffc0000-0xffffffff]
[    0.000000] e820: [mem 0xe0000000-0xfebfffff] available for PCI devices
[    0.000000] Booting paravirtualized kernel on KVM
[    0.000000] clocksource: refined-jiffies: mask: 0xffffffff max_cycles: 0xffffffff, max_idle_ns: 7645519600211568 ns
[    0.000000] setup_percpu: NR_CPUS:512 nr_cpumask_bits:512 nr_cpu_ids:4 nr_node_ids:1
[    0.000000] PERCPU: Embedded 34 pages/cpu @ffff88021fc00000 s99544 r8192 d31528 u524288
[    0.000000] PV qspinlock hash table entries: 256 (order: 0, 4096 bytes)
[    0.000000] Built 1 zonelists in Node order, mobility grouping on.  Total pages: 2064248
[    0.000000] Policy zone: Normal
[    0.000000] Kernel command line: BOOT_IMAGE=/boot/vmlinuz-4.4.0-135-generic root=LABEL=cloudimg-rootfs ro console=tty1 console=ttyS0
[    0.000000] PID hash table entries: 4096 (order: 3, 32768 bytes)
[    0.000000] Memory: 8156720K/8388152K available (8554K kernel code, 1314K rwdata, 4004K rodata, 1516K init, 1316K bss, 231432K reserved, 0K cma-reserved)
[    0.000000] SLUB: HWalign=64, Order=0-3, MinObjects=0, CPUs=4, Nodes=1
[    0.000000] Kernel/User page tables isolation: enabled
[    0.000000] Hierarchical RCU implementation.
[    0.000000] 	Build-time adjustment of leaf fanout to 64.
[    0.000000] 	RCU restricting CPUs from NR_CPUS=512 to nr_cpu_ids=4.
[    0.000000] RCU: Adjusting geometry for rcu_fanout_leaf=64, nr_cpu_ids=4
[    0.000000] NR_IRQS:33024 nr_irqs:456 16
[    0.000000] Console: colour VGA+ 80x25
[    0.000000] console [tty1] enabled
[    0.000000] console [ttyS0] enabled
[    0.000000] tsc: Detected 2394.444 MHz processor
[    5.609982] Calibrating delay loop (skipped) preset value.. 4788.88 BogoMIPS (lpj=9577776)
[    5.611320] pid_max: default: 32768 minimum: 301
[    5.612044] ACPI: Core revision 20150930
[    5.613543] ACPI: 2 ACPI AML tables successfully acquired and loaded
[    5.618432] Security Framework initialized
[    5.619096] Yama: becoming mindful.
[    5.619702] AppArmor: AppArmor initialized
[    5.621049] Dentry cache hash table entries: 1048576 (order: 11, 8388608 bytes)
[    5.625762] Inode-cache hash table entries: 524288 (order: 10, 4194304 bytes)
[    5.632908] Mount-cache hash table entries: 16384 (order: 5, 131072 bytes)
[    5.635015] Mountpoint-cache hash table entries: 16384 (order: 5, 131072 bytes)
[    5.636796] Initializing cgroup subsys io
[    5.638613] Initializing cgroup subsys memory
[    5.639337] Initializing cgroup subsys devices
[    5.640063] Initializing cgroup subsys freezer
[    5.640790] Initializing cgroup subsys net_cls
[    5.641577] Initializing cgroup subsys perf_event
[    5.644106] Initializing cgroup subsys net_prio
[    5.644846] Initializing cgroup subsys hugetlb
[    5.645626] Initializing cgroup subsys pids
[    5.655079] mce: CPU supports 0 MCE banks
[    5.655816] Last level iTLB entries: 4KB 1024, 2MB 1024, 4MB 1024
[    5.656738] Last level dTLB entries: 4KB 1024, 2MB 1024, 4MB 1024, 1GB 4
[    5.661366] Spectre V2 : Mitigation: Full generic retpoline
[    5.662256] Spectre V2 : Speculation control IBPB not-supported IBRS not-supported
[    5.663359] Speculative Store Bypass: Vulnerable
[    5.666245] Freeing SMP alternatives memory: 32K
[    5.676018] ftrace: allocating 32266 entries in 127 pages
[    5.720035] smpboot: APIC(0) Converting physical 0 to logical package 0
[    5.722219] smpboot: Max logical packages: 1
[    5.723138] x2apic enabled
[    5.723868] Switched APIC routing to physical x2apic.
[    5.725753] ..TIMER: vector=0x30 apic1=0 pin1=2 apic2=-1 pin2=-1
[    5.837287] smpboot: CPU0: Intel(R) Core(TM) i7-4700MQ CPU @ 2.40GHz (family: 0x6, model: 0x3c, stepping: 0x3)
[    5.842755] Performance Events: unsupported p6 CPU model 60 no PMU driver, software events only.
[    5.844229] KVM setup paravirtual spinlock
[    5.845501] x86: Booting SMP configuration:
[    5.850045] .... node  #0, CPUs:      #1
[    5.850789] kvm-clock: cpu 1, msr 2:1ffed041, secondary cpu clock
[    5.853547] mce: CPU supports 0 MCE banks
[    5.859789]  #2
[    5.860170] kvm-clock: cpu 2, msr 2:1ffed081, secondary cpu clock
[    5.862737] mce: CPU supports 0 MCE banks
[    5.865131]  #3
[    5.865528] kvm-clock: cpu 3, msr 2:1ffed0c1, secondary cpu clock
[    5.869089] mce: CPU supports 0 MCE banks
[    5.871498] x86: Booted up 1 node, 4 CPUs
[    5.872351] smpboot: Total of 4 processors activated (19155.55 BogoMIPS)
[    5.874190] devtmpfs: initialized
[    5.878360] evm: security.selinux
[    5.880249] evm: security.SMACK64
[    5.880839] evm: security.SMACK64EXEC
[    5.881555] evm: security.SMACK64TRANSMUTE
[    5.884087] evm: security.SMACK64MMAP
[    5.884717] evm: security.ima
[    5.885314] evm: security.capability
[    5.886188] clocksource: jiffies: mask: 0xffffffff max_cycles: 0xffffffff, max_idle_ns: 7645041785100000 ns
[    5.889356] futex hash table entries: 1024 (order: 4, 65536 bytes)
[    5.890502] pinctrl core: initialized pinctrl subsystem
[    5.892771] RTC time: 19:14:34, date: 10/04/18
[    5.896886] NET: Registered protocol family 16
[    5.909093] cpuidle: using governor ladder
[    5.921302] cpuidle: using governor menu
[    5.924432] PCCT header not found.
[    5.925503] ACPI: bus type PCI registered
[    5.928817] acpiphp: ACPI Hot Plug PCI Controller Driver version: 0.5
[    5.930554] PCI: Using configuration type 1 for base access
[    5.946219] ACPI: Added _OSI(Module Device)
[    5.947230] ACPI: Added _OSI(Processor Device)
[    5.947997] ACPI: Added _OSI(3.0 _SCP Extensions)
[    5.948771] ACPI: Added _OSI(Processor Aggregator Device)
[    5.950699] ACPI: Executed 1 blocks of module-level executable AML code
[    5.956140] ACPI: Interpreter enabled
[    5.959361] ACPI: (supports S0 S5)
[    5.960343] ACPI: Using IOAPIC for interrupt routing
[    5.961795] PCI: Using host bridge windows from ACPI; if necessary, use "pci=nocrs" and report a bug
[    5.967464] ACPI: PCI Root Bridge [PCI0] (domain 0000 [bus 00-ff])
[    5.969600] acpi PNP0A03:00: _OSC: OS supports [ASPM ClockPM Segments MSI]
[    5.970625] acpi PNP0A03:00: _OSC: not requesting OS control; OS requires [ExtendedConfig ASPM ClockPM MSI]
[    5.972273] acpi PNP0A03:00: fail to add MMCONFIG information, can't access extended PCI configuration space under this bridge.
[    5.974294] PCI host bridge to bus 0000:00
[    5.977251] pci_bus 0000:00: root bus resource [io  0x0000-0x0cf7 window]
[    5.986142] pci_bus 0000:00: root bus resource [io  0x0d00-0xffff window]
[    5.987158] pci_bus 0000:00: root bus resource [mem 0x000a0000-0x000bffff window]
[    5.988534] pci_bus 0000:00: root bus resource [mem 0xe0000000-0xfdffffff window]
[    5.989860] pci_bus 0000:00: root bus resource [bus 00-ff]
[    5.991933] pci 0000:00:01.1: legacy IDE quirk: reg 0x10: [io  0x01f0-0x01f7]
[    5.994132] pci 0000:00:01.1: legacy IDE quirk: reg 0x14: [io  0x03f6]
[    5.995122] pci 0000:00:01.1: legacy IDE quirk: reg 0x18: [io  0x0170-0x0177]
[    5.996230] pci 0000:00:01.1: legacy IDE quirk: reg 0x1c: [io  0x0376]
[    6.080570] pci 0000:00:07.0: quirk: [io  0x4000-0x403f] claimed by PIIX4 ACPI
[    6.245567] pci 0000:00:07.0: quirk: [io  0x4100-0x410f] claimed by PIIX4 SMB
[    6.433073] ACPI: PCI Interrupt Link [LNKA] (IRQs 5 9 10 *11)
[    6.527928] ACPI: PCI Interrupt Link [LNKB] (IRQs 5 9 *10 11)
[    6.591127] ACPI: PCI Interrupt Link [LNKC] (IRQs 5 *9 10 11)
[    6.609414] ACPI: PCI Interrupt Link [LNKD] (IRQs 5 9 10 *11)
[    6.621648] ACPI: Enabled 2 GPEs in block 00 to 07
[    6.752408] vgaarb: setting as boot device: PCI:0000:00:02.0
[    6.917849] vgaarb: device added: PCI:0000:00:02.0,decodes=io+mem,owns=io+mem,locks=none
[    7.147465] vgaarb: loaded
[    7.211999] vgaarb: bridge control possible 0000:00:02.0
[    7.370176] SCSI subsystem initialized
[    7.461510] ACPI: bus type USB registered
[    7.518218] usbcore: registered new interface driver usbfs
[    7.615523] usbcore: registered new interface driver hub
[    7.649685] usbcore: registered new device driver usb
[    7.652877] PCI: Using ACPI for IRQ routing
[    7.653876] NetLabel: Initializing
[    7.656415] NetLabel:  domain hash size = 128
[    7.657161] NetLabel:  protocols = UNLABELED CIPSOv4
[    7.664333] NetLabel:  unlabeled traffic allowed by default
[    7.665367] amd_nb: Cannot enumerate AMD northbridges
[    7.670775] clocksource: Switched to clocksource kvm-clock
[    7.680835] AppArmor: AppArmor Filesystem Enabled
[   6848pn: PnP ACPI init
[  7258]pn P AI:ou 3eves[  8069]losoceacpi_pm: mask: 0xffffff max_cycles: 0xffffff, max_idle_ns: 2085701024 ns
[    8.724590] NET: Registered protocol family 2

[    8.726310] TCP established hash table entries: 65536 (order: 7, 524288 bytes)
[    8.775152] TCP bind hash table entries: 65536 (order: 8, 1048576 bytes)
[    8.776119] TCP: Hash tables configured (established 65536 bind 65536)
[    8.776975] UDP hash table entries: 4096 (order: 5, 131072 bytes)
[    8.777818] UDP-Lite hash table entries: 4096 (order: 5, 131072 bytes)
[    8.778732] NET: Registered protocol family 1
[    8.779389] pci 0000:00:00.0: Limiting direct PCI/PCI transfers
[    8.780182] pci 0000:00:01.0: Activating ISA DMA hang workarounds
[    8.781416] Unpacking initramfs...
[  86097 Fei itrmery146K[  9175]CIMAUsg ftware bounce buffering for IO (SWIOTLB)
[   .72603] software IO TLB [mem 0xdbff0000-0xdfff0000] (64MB) mapp a[ff80df00-ff00feff
[   10.360003] RAPL PMU detected, API unit is 2^-32 Joules, 4 fixed counters 10737418240 ms ovfl timer
[  10.361664] hw unit of domain pp0-core 2^-0 Joules
[   10.383225] hw unit of domain package 2^-0 Joules
[   10.384004] hw unit of domain dram 2^-0 Joules
[   10.384732] hw unit of domain pp1-gpu 2^-0 Joules
[  10.385582] platform rtc_cmos: registered platform RTC device (no PNP device found)
[   10.407525] Scanning for low memory corruption every 60 seconds
[  10.408813] audit: initializing netlink subsys (disabled)
[   10.430259] audit: type=2000 audit(1538680475.883:1): initialized
[  10.431447] Initialise system trusted keyring

[   10.453039] HugeTLB registered 2 MB page size, pre-allocated 0 pages
[  10.455318] zbud: loaded
[  10.476800] VFS: Disk quotas dquot_6.6.0
[  10.498122] VFS: Dquot-cache hash table entries: 512 (order 0, 4096 bytes)
[  10.519990] squashfs: version 4.0 (2009/01/31) Phillip Lougher
[   10.541719] fuse init (API version 7.23)
[  10.552712] Key type big_key registered
[   10.574048] Allocating IMA MOK and blacklist keyrings.

[   10.576396] Key type asymmetric registered
[   10.577387] Asymmetric key parser 'x509' registered
[   10.578477] Block layer SCSI generic (bsg) driver version 0.4 loaded (major 249)
[   10.579932] io scheduler noop registered
[   10.583535] io scheduler deadline registered (default)
[   10.584478] io scheduler cfq registered
[   10.585217] pci_hotplug: PCI Hot Plug PCI Core version: 0.5
[   10.586141] pciehp: PCI Express Hot Plug Controller Driver version: 0.4
[   10.587306] ACPI: AC Adapter [AC] (on-line)
[   10.591584] input: Power Button as /devices/LNXSYSTM:00/LNXPWRBN:00/input/input0
[   10.595942] ACPI: Power Button [PWRF]
[   10.596634] input: Sleep Button as /devices/LNXSYSTM:00/LNXSLPBN:00/input/input1
[   10.597885] ACPI: Sleep Button [SLPF]
[   10.598748] GHES: HEST is not enabled!
[   10.599296] ACPI: Battery Slot [BAT0] (battery present)
[   10.600505] Serial: 8250/16550 driver, 32 ports, IRQ sharing enabled
[   10.625134] 00:02: ttyS0 at I/O 0x3f8 (irq = 4, base_baud = 115200) is a 16550A
[   10.628905] Linux agpgart interface v0.103
[   10.634874] loop: module loaded
[   10.641007] scsi host0: ata_piix
[   10.644611] scsi host1: ata_piix
[   10.647465] ata1: PATA max UDMA/33 cmd 0x1f0 ctl 0x3f6 bmdma 0xd000 irq 14
[   10.648520] ata2: PATA max UDMA/33 cmd 0x170 ctl 0x376 bmdma 0xd008 irq 15
[   10.649639] libphy: Fixed MDIO Bus: probed
[   10.651434] tun: Universal TUN/TAP device driver, 1.6
[   10.652241] tun: (C) 1999-2004 Max Krasnyansky <maxk@qualcomm.com>
[   10.653233] PPP generic driver version 2.4.2
[  10.654063] ehci_hcd: USB 2.0 'Enhanced' Host Controller (EHCI) Driver

[   10.675563] ehci-pci: EHCI PCI platform driver
[   10.676360] ehci-platform: EHCI generic platform driver
[   10.677196] ohci_hcd: USB 1.1 'Open' Host Controller (OHCI) Driver
[   10.678185] ohci-pci: OHCI PCI platform driver
[   10.678978] ohci-platform: OHCI generic platform driver
[   10.679815] uhci_hcd: USB Universal Host Controller Interface driver
[   10.680819] i8042: PNP: PS/2 Controller [PNP0303:PS2K,PNP0f03:PS2M] at 0x60,0x64 irq 1,12
[   10.682660] serio: i8042 KBD port at 0x60,0x64 irq 1
[   10.684577] serio: i8042 AUX port at 0x60,0x64 irq 12
[   10.685483] mousedev: PS/2 mouse device common for all mice
[   10.688089] rtc_cmos rtc_cmos: rtc core: registered rtc_cmos as rtc0
[   10.692973] input: AT Translated Set 2 keyboard as /devices/platform/i8042/serio0/input/input2
[   10.696347] rtc_cmos rtc_cmos: alarms up to one day, 114 bytes nvram
[   10.699653] i2c /dev entries driver
[   10.700294] device-mapper: uevent: version 1.0.3
[   10.701066] device-mapper: ioctl: 4.34.0-ioctl (2015-10-28) initialised: dm-devel@redhat.com
[   10.704051] ledtrig-cpu: registered to indicate activity on CPUs
[   10.705583] NET: Registered protocol family 10
[   10.707691] NET: Registered protocol family 17
[   10.708350] Key type dns_resolver registered
[   10.709399] registered taskstats version 1
[   10.711434] Loading compiled-in X.509 certificates
[   10.712665] Loaded X.509 cert 'Build time autogenerated kernel key: b7189ebc996fd79c52efc1226b6676b25e4f6a2d'
[   10.714070] zswap: loaded using pool lzo/zbud
[   10.717270] Key type trusted registered
[   10.802715] Key type encrypted registered
[   10.815701] AppArmor: AppArmor sha1 policy hashing enabled
[   10.816920] ima: No TPM chip found, activating TPM-bypass!
[   10.818127] ima: Allocated hash algorithm: sha1
[   10.819656] evm: HMAC attrs: 0x1
[   10.820760]   Magic number: 6:508:242
[   10.821761] rtc_cmos rtc_cmos: setting system clock to 2018-10-04 19:14:38 UTC (1538680478)
[   10.823779] BIOS EDD facility v0.16 2004-Jun-25, 0 devices found
[   10.830062] EDD information not available.
[   10.833087] Freeing unused kernel memory: 1516K
[   10.862934] Write protecting the kernel read-only data: 14336k
[   11.382934] tsc: Refined TSC clocksource calibration: 2396.040 MHz
[   11.382936] clocksource: tsc: mask: 0xffffffffffffffff max_cycles: 0x22899aae7e6, max_idle_ns: 440795278594 ns
[   12.306309] Freeing unused kernel memory: 1672K
[   12.315124] Freeing unused kernel memory: 92K
Loading, please wait...
starting version[   12.328526] random: systemd-udevd: uninitialized urandom read (16 bytes read, 3 bits of entropy available)
 229
[   12.329582] random: udevadm: uninitialized urandom read (16 bytes read, 3 bits of entropy available)
[   12.329600] random: udevadm: uninitialized urandom read (16 bytes read, 3 bits of entropy available)
[   12.337353] random: udevadm: uninitialized urandom read (16 bytes read, 3 bits of entropy available)
[   12.337392] random: udevadm: uninitialized urandom read (16 bytes read, 3 bits of entropy available)
[   12.337672] random: udevadm: uninitialized urandom read (16 bytes read, 3 bits of entropy available)
[   12.337718] random: udevadm: uninitialized urandom read (16 bytes read, 3 bits of entropy available)
[   12.337760] random: udevadm: uninitialized urandom read (16 bytes read, 3 bits of entropy available)
[   12.337798] random: udevadm: uninitialized urandom read (16 bytes read, 3 bits of entropy available)
[   12.337839] random: udevadm: uninitialized urandom read (16 bytes read, 3 bits of entropy available)
[   12.458970] Fusion MPT base driver 3.04.20
[   12.476444] Copyright (c) 1999-2008 LSI Corporation
[   12.481850] e1000: Intel(R) PRO/1000 Network Driver - version 7.3.21-k8-NAPI
[   12.489815] e1000: Copyright (c) 1999-2006 Intel Corporation.
[   12.497683] AVX2 version of gcm_enc/dec engaged.
[   12.504186] AES CTR mode by8 optimization enabled
[   12.505106] Fusion MPT SPI Host driver 3.04.20
[   12.714663] input: ImExPS/2 Generic Explorer Mouse as /devices/platform/i8042/serio1/input/input4
[   12.891583] e1000 0000:00:03.0 eth0: (PCI:33MHz:32-bit) 02:fb:a8:4c:29:d0
[   12.964026] e1000 0000:00:03.0 eth0: Intel(R) PRO/1000 Network Connection
[   12.983032] e1000 0000:00:03.0 enp0s3: renamed from eth0
[   12.983144] mptbase: ioc0: Initiating bringup
[   13.063799] ioc0: LSI53C1030 A0: Capabilities={Initiator}
[   13.586685] scsi host2: ioc0: LSI53C1030 A0, FwRev=00000000h, Ports=1, MaxQ=256, IRQ=20
[   13.864101] scsi 2:0:0:0: Direct-Access     VBOX     HARDDISK         1.0  PQ: 0 ANSI: 5
[   14.016235] scsi target2:0:0: Beginning Domain Validation
[   14.025271] scsi target2:0:0: Domain Validation skipping write tests
[   14.034189] scsi target2:0:0: Ending Domain Validation
[   14.034961] scsi target2:0:0: asynchronous
[   14.035981] scsi 2:0:1:0: Direct-Access     VBOX     HARDDISK         1.0  PQ: 0 ANSI: 5
[   14.037175] scsi target2:0:1: Beginning Domain Validation
[   14.038434] scsi target2:0:1: Domain Validation skipping write tests
[   14.134866] scsi target2:0:1: Ending Domain Validation
[   14.561816] scsi target2:0:1: asynchronous
[   14.664120] sd 2:0:0:0: Attached scsi generic sg0 type 0
[   14.764684] sd 2:0:0:0: [sda] 20971520 512-byte logical blocks: (10.7 GB/10.0 GiB)
[   14.764868] sd 2:0:1:0: Attached scsi generic sg1 type 0
[   14.765108] sd 2:0:1:0: [sdb] 20480 512-byte logical blocks: (10.5 MB/10.0 MiB)
[   14.765289] sd 2:0:1:0: [sdb] Write Protect is off
[   14.765367] sd 2:0:1:0: [sdb] Incomplete mode parameter data
[   14.765369] sd 2:0:1:0: [sdb] Assuming drive cache: write through
[   14.767188] sd 2:0:1:0: [sdb] Attached SCSI disk
[   15.122148] sd 2:0:0:0: [sda] Write Protect is off
[   15.123147] sd 2:0:0:0: [sda] Incomplete mode parameter data
[   15.224137] sd 2:0:0:0: [sda] Assuming drive cache: write through
[   15.420241]  sda: sda1
[   15.468656] sd 2:0:0:0: [sda] Attached SCSI disk
Begin: Loading e[   17.062464] md: linear personality registered for level -1
ssential drivers ... [   17.205891] md: multipath personality registered for level -4
[   17.209105] md: raid0 personality registered for level 0
[   17.237363] md: raid1 personality registered for level 1
[   17.334828] raid6: sse2x1   gen() 10257 MB/s
[   17.470827] raid6: sse2x1   xor()  8135 MB/s
[   17.650832] raid6: sse2x2   gen() 13220 MB/s
[   17.818825] raid6: sse2x2   xor()  8817 MB/s
[   17.986830] raid6: sse2x4   gen() 15139 MB/s
[   18.106819] raid6: sse2x4   xor() 10405 MB/s
[   18.274816] raid6: avx2x1   gen() 20103 MB/s
[   18.374825] raid6: avx2x2   gen() 22372 MB/s
[   18.446829] raid6: avx2x4   gen() 25387 MB/s
[   18.447559] raid6: using algorithm avx2x4 gen() 25387 MB/s
[   18.448390] raid6: using avx2x2 recovery algorithm
[   18.450320] xor: automatically using best checksumming function:
[   18.511185]    avx       : 68154.000 MB/sec
[   18.515317] async_tx: api initialized (async)
[   18.529326] md: raid6 personality registered for level 6
[   18.532138] md: raid5 personality registered for level 5
[   18.533035] md: raid4 personality registered for level 4
[   18.539686] md: raid10 personality registered for level 10
done.
Begin: Running /scripts/init-premount ... done.
Begin: M[   18.574728] Btrfs loaded
ounting root file system ... Begin: Running /scripts/local-top ... done.
Begin: Running /scripts/local-premount ... Scanning for Btrfs filesystems
done.
[   18.650417] EXT4-fs (sda1): mounted filesystem with ordered data mode. Opts: (null)
Warning: fsck not present, so skipping root file system
done.
Begin: Running /scripts/local-bottom ... done.
Begin: Running /scripts/init-bottom ... done.
[   18.775476] systemd[1]: syseedd2299 running in system mode. (+PAM +AUDIT +SELINUX +IMA +APPARMOR +SMACK +SYSVINIT +UTMP +LIBCRYPTSETUP +GCRYPT +GNUTLS +ACL +XZ -LZ4 +SECCOMP +BLKID +ELFUTILS +KMOD -IDN)
[   19.196271] systemd[1]: Detected virtualization oracle.
[   19.197082] systemd[1]: Detected architecture x86-64.

Welcome to [1mUbuntu 16.04.5 LTS[0m!

[   19.347559] systemd[1]: Set hostname to <ubuntu>.
[   19.376363] systemd[1]: Initializing machine ID from random generator.
[   19.384695] systemd[1]: Installed transient /etc/machine-id file.
[ 1906419] systemd[1]: Reached target System Time Synchronized.
[[0;32m  OK  [0m] Reached target System Time Synchronized.
[   20.267143] systemd[1]: Reached trgt ap
[[0;32m  OK  [0m] Reached target Swap.
[   20.779446] systemd[1]: Set up automount Arbitrary Executable File Formats File System Automount Point.
[[0;32m  OK  [0m] Set up automount Arbitrary Executab...ats File System Automount Point.
[   21.045303] systemd[1]: Listening on /dev/initctl Compatibility Named Pipe.
[[0;32m  OK  [0m] Listening on /dev/initctl Compatibility Named Pipe.
[   21.047035] systemd[1]: Listening on Sysg ck. [[0;32m  OK  [0m] Listening on Syslog Socket.
[ 213021syem1]Rehed target User and Group Name Lookups.
[[0;32m  OK  [0m] Reached target User and Group Name Lookups.
[   21.96058] std[: stinonoualoct. [[0;32m  OK  [0m] Listening on Journal Socket.
[   22.796216] systemd[1]: Created slice System Slice.
[[0;32m  OK  [0m] Created slice System Slice.
[   23.344066] systemd[1]: Starting Set console keymap...
         Starting Set console keymap...
[   23.563949] systemd[1]: Starting Remount Root and Kernel File Systems...
[   23.570308] EXT4-fs (sda1): re-mounted. Opts: (null)
         Starting Remount Root and Kernel File Systems...
[   23.659558] random: nonblocking pool is initialized
[   23.783098] systemd[1]: Starting Load Kernel Modules...
[   23.818212] Loading iSCSI transport class v2.0-870.
         Starting Load Kernel Modules...
[   23.821320] systemd[1]: Starting Create list of required static device nodes for the current kernel...
         Starting Create list of required st... nodes for the current kernel...
[   23.829808] systemd[1]: Listening on Journal Socket (/dev/log).
[[0;32m  OK  [0m] Listening on Journal Socket (/dev/log).
[   23.832640] systemd[1]: Listening on LVM2 metadata daemon socket.
[   23.834752] iscsi: registered transport (tcp)
[[0;32m  OK  [0m] Listening on LVM2 metadata daemon socket.
[   23.836197] systemd[1]: Listening on LVM2 poll daemon socket.
[[0;32m  OK  [0m] Listening on LVM2 poll daemon socket.
[   23.839286] systemd[1]: Reached target Encrypted Volumes.
[[0;32m  OK  [0m] Reached target Encrypted Volumes.
[   23.854966] systemd[1]: Listening on udev Kernel Socket.
[[0;32m  OK  [0m] Listening on udev Kernel Socket.
[   23.870692] systemd[1]: Started Trigger resolvconf update for networkd DNS.
[[0;32m  OK  [0m] Started Trigger resolvconf update for networkd DNS.
[   23.873670] iscsi: registered transport (iser)
[   23.873805] systemd[1]: Started Forward Password Requests to Wall Directory Watch.
[[0;32m  OK  [0m] Started Forward Password Requests to Wall Directory Watch.
[   23.880015] systemd[1]: Created slice User and Session Slice.
[[0;32m  OK  [0m] Created slice User and Session Slice.
[   23.887097] systemd[1]: Reached target Slices.
[[0;32m  OK  [0m] Reached target Slices.
[   23.898934] systemd[1]: Mounting Debug File System...
         Mounting Debug File System...
[   24.013224] systemd[1]: Starting Nameserver information manager...
         Starting Nameserver information manager...
[   24.167478] systemd[1]: Listening on Device-mapper event daemon FIFOs.
[[0;32m  OK  [0m] Listening on Device-mapper event daemon FIFOs.
[   24.170304] systemd[1]: Starting Monitoring of LVM2 mirrors, snapshots etc. using dmeventd or progress polling...
         Starting Monitoring of LVM2 mirrors... dmeventd or progress polling...
[   24.173604] systemd[1]: Mounting POSIX Message Queue File System...
         Mounting POSIX Message Queue File System...
[   24.375308] systemd[1]: Starting Uncomplicated firewall...
         Starting Uncomplicated firewall...
[   24.575169] systemd[1]: Mounting Huge Pages File System...
         Mounting Huge Pages File System...
[   24.695489] systemd[1]: Created slice system-serial\x2dgetty.slice.
[[0;32m  OK  [0m] Created slice system-serial\x2dgetty.slice.
[   24.710249] systemd[1]: Listening on Journal Audit Socket.
[[0;32m  OK  [0m] Listening on Journal Audit Socket.
[   24.783354] systemd[1]: Starting Journal Service...
         Starting Journal Service...
[   24.915201] systemd[1]: Listening on udev Control Socket.
[[0;32m  OK  [0m] Listening on udev Control Socket.
[   24.979736] systemd[1]: Mounted POSIX Message Queue File System.
[[0;32m  OK  [0m] Mounted POSIX Message Queue File System.
[ 25756]ysemd[1]: Mounted Debug File System.
[[0;32m  OK  [0m] Mounted Debug File System.
[   25.599262]ysmd1]: Muneduge Pages File System.
[[0;32m  OK  [0m] Mounted Huge Pages File System.
[   25.853321] systemd[1]: Started Journal Service.
[[0;32m  OK  [0m] Started Journal Service.
[[0;32m  OK  [0m] Started Set console keymap.
[[0;32m  OK  [0m] Started Remount Root and Kernel File Systems.
[[0;32m  OK  [0m] Started Load Kernel Modules.
[[0;32m  OK  [0m] Started Create list of required sta...ce nodes for the current kernel.
[[0;32m  OK  [0m] Started Uncomplicated firewall.
[[0;32m  OK  [0m] Started Nameserver information manager.
[[0;32m  OK  [0m] Started LVM2 metadata daemon.
         Starting Create Static Device Nodes in /dev...
         Starting Apply Kernel Variables...
         Mounting FUSE Control File System...
         Starting Load/Save Random Seed...
         Starting udev Coldplug all Devices...
         Starting Flush Journal to Persistent Storage...
[[0;32m  OK  [0m] Mounted FUSE Control File System.
[[0;32m  OK  [0m] Started Monitoring of LVM2 mirrors,...ng dmeventd or progress polling.
[[0;32m  OK  [0m] Started Create Static Device Nodes in /dev.
[[0;32m  OK  [0m] Started Apply Kernel Variables.
[[0;32m  OK  [0m] Started Load/Save Random Seed.
[[0;32m  OK  [0m] Started Flush Journal to Persistent Storage.
[[0;32m  OK  [0m] Started udev Coldplug all Devices.
         Starting udev Kernel Device Manager...
[[0;32m  OK  [0m] Started udev Kernel Device Manager.
[[0;32m  OK  [0m] Found device /dev/ttyS0.
[[0;32m  OK  [0m] Listening on Load/Save RF Kill Switch Status /dev/rfkill Watch.
[[0;32m  OK  [0m] Started Dispatch Password Requests to Console Directory Watch.
[[0;32m  OK  [0m] Reached target Local File Systems (Pre).
[[0;32m  OK  [0m] Reached target Local File Systems.
         Starting Create Volatile Files and Directories...
         Starting Commit a transient machine-id on disk...
         Starting LSB: AppArmor initialization...
         Starting Set console font and keymap...
         Starting Tell Plymouth To Write Out Runtime Data...
         Starting Initial cloud-init job (pre-networking)...
[[0;32m  OK  [0m] Started Create Volatile Files and Directories.
[[0;32m  OK  [0m] Started Tell Plymouth To Write Out Runtime Data.
[[0;32m  OK  [0m] Started Commit a transient machine-id on disk.
         Starting Update UTMP about System Boot/Shutdown...
[[0;32m  OK  [0m] Started Update UTMP about System Boot/Shutdown.
[[0;32m  OK  [0m] Started Set console font and keymap.
[[0;32m  OK  [0m] Created slice system-getty.slice.
[[0;32m  OK  [0m] Started LSB: AppArmor initialization.
[   20.836162] cloud-init[633]: Cloud-init v. 18.3-9-g2e62cb8a-0ubuntu1~16.04.2 running 'init-local' at Thu, 04 Oct 2018 19:14:55 +0000. Up 20.61 seconds.
[[0;32m  OK  [0m] Started Initial cloud-init job (pre-networking).
[[0;32m  OK  [0m] Reached target Network (Pre).
         Starting Raise network interfaces...
[[0;32m  OK  [0m] Started Raise network interfaces.
         Starting Initial cloud-init job (metadata service crawler)...
[[0;32m  OK  [0m] Reached target Network.
[   22.073002] cloud-init[948]: Cloud-init v. 18.3-9-g2e62cb8a-0ubuntu1~16.04.2 running 'init' at Thu, 04 Oct 2018 19:14:56 +0000. Up 21.42 seconds.
[   22.176509] [cloud-init[0;32m  OK  [0m[948]: ] ci-info: ++++++++++++++++++++++++++++++++++++++Net device info++++++++++++++++++++++++++++++++++++++Started Initial cloud-init job (metadata service crawler).

[   22.176824] cloud-init[948]: ci-info: +--------+------+----------------------------+---------------+--------+-------------------+
[   22.508457] [cloud-init[0;32m  OK  [0m[948]: ] ci-info: | Device |  Up  |          Address           |      Mask     | Scope  |     Hw-Address    |Reached target Cloud-config availability.

[[   22.508898] [0;32m  OK  [0mcloud-init] [948]: Reached target System Initialization.ci-info: +--------+------+----------------------------+---------------+--------+-------------------+

[   22.833630] [cloud-init[0;32m  OK  [0m[948]: ] ci-info: | enp0s3 | True |         10.0.2.15          | 255.255.255.0 | global | 02:fb:a8:4c:29:d0 |Listening on D-Bus System Message Bus Socket.

[   22.916642] [cloud-init[0;32m  OK  [0m[948]: ] ci-info: | enp0s3 | True | fe80::fb:a8ff:fe4c:29d0/64 |       .       |  link  | 02:fb:a8:4c:29:d0 |Listening on UUID daemon activation socket.

[[   22.917205] [0;32m  OK  [0mcloud-init] [948]: Started Daily Cleanup of Temporary Directories.ci-info: |   lo   | True |         127.0.0.1          |   255.0.0.0   |  host  |         .         |

[   23.194550]          cloud-initStarting LXD - unix socket.[948]: 
ci-info: |   lo   | True |          ::1/128           |       .       |  host  |         .         |
[   23.227393] [cloud-init[0;32m  OK  [0m[948]: ] ci-info: +--------+------+----------------------------+---------------+--------+-------------------+Started ACPI Events Check.

[[   23.227860] [0;32m  OK  [0mcloud-init] [948]: Reached target Paths.ci-info: +++++++++++++++++++++++++++Route IPv4 info++++++++++++++++++++++++++++

[   23.434205] [cloud-init[0;32m  OK  [0m[948]: ] ci-info: +-------+-------------+----------+---------------+-----------+-------+Started Daily apt download activities.

[[   23.434672] [0;32m  OK  [0mcloud-init] [948]: Started Daily apt upgrade and clean activities.ci-info: | Route | Destination | Gateway  |    Genmask    | Interface | Flags |

[   23.448498] [cloud-init[0;32m  OK  [0m[948]: ] ci-info: +-------+-------------+----------+---------------+-----------+-------+Reached target Timers.

[   23.448797] cloud-init[948]: ci-info: |   0   |   0.0.0.0   | 10.0.2.2 |    0.0.0.0    |   enp0s3  |   UG  |
         Starting Socket activation for snappy daemon.
[[   23.451024] [0;32m  OK  [0mcloud-init] [948]: Listening on ACPID Listen Socket.ci-info: |   1   |   10.0.2.0  | 0.0.0.0  | 255.255.255.0 |   enp0s3  |   U   |

[   23.455347] [cloud-init[0;32m  OK  [0m[948]: ] ci-info: +-------+-------------+----------+---------------+-----------+-------+Reached target Network is Online.

[   23.455602] cloud-init[948]: ci-info: +++++++++++++++++++Route IPv6 info+++++++++++++++++++
[   23.458992] cloud-init[948]: ci-info: +-------+-------------+---------+-----------+-------+
[   23.461603] cloud-init[948]: ci-info: | Route | Destination | Gateway | Interface | Flags |
[   23.463018] cloud-init[948]: ci-info: +-------+-------------+---------+-----------+-------+
[   23.466672] cloud-init[948]: ci-info: |   0   |  fe80::/64  |    ::   |   enp0s3  |   U   |
[   23.468233] cloud-init[948]: ci-info: |   3   |   ff00::/8  |    ::   |   enp0s3  |   U   |
[   23.469817] cloud-init[948]: ci-info: +-------+-------------+---------+-----------+-------+
[   23.472403]          cloud-initStarting iSCSI initiator daemon (iscsid)...[948]: 
Generating public/private rsa key pair.
[   23.475323] [cloud-init[0;32m  OK  [0m[948]: ] Your identification has been saved in /etc/ssh/ssh_host_rsa_key.Listening on LXD - unix socket.

[[   23.475631] [0;32m  OK  [0mcloud-init] [948]: Listening on Socket activation for snappy daemon.Your public key has been saved in /etc/ssh/ssh_host_rsa_key.pub.

[   23.481828] [cloud-init[0;32m  OK  [0m[948]: ] The key fingerprint is:Reached target Sockets.

[[   23.482060] [0;32m  OK  [0mcloud-init] [948]: Reached target Basic System.SHA256:eAVdca15IXjVbDPpy8tI7HRC8P+uTuCJqKZ8SPvLzOM root@ubuntu-xenial

[   23.605842] [cloud-init[0;32m  OK  [0m[948]: ] The key's randomart image is:Started Unattended Upgrades Shutdown.

[   23.606590] cloud-init[948]: +---[RSA 2048]----+
[   23.612486] cloud-init[948]: |        .. .+.o+o|
[   23.614438] cloud-init[948]: |         ..o + ==|
[   23.615486] cloud-init[948]: |          . + o++|
[   23.616576] cloud-init[948]: |       . .   oo..|
[   23.617619] cloud-init[948]: |      . S   + o..|
[   23.618659] cloud-init[948]: |    .  . . o B = |
[   23.619707] cloud-init[948]: |   . o  . . * * o|
[   23.620749] cloud-init[948]: |   .o++.     + o.|
[   23.621776] cloud-init[948]: |    o*Eo     .oo.|
[   23.622792] cloud-init[948]: +----[SHA256]-----+
[   23.623839] cloud-init[948]: Generating public/private dsa key pair.
[   23.625215] cloud-init[948]: Your identification has been saved in /etc/ssh/ssh_host_dsa_key.
[   23.626799] cloud-init[948]: Your public key has been saved in /etc/ssh/ssh_host_dsa_key.pub.
[   23.629607] cloud-init[948]: The key fingerprint is:
[   23.632760] cloud-init[948]: SHA256:/r/H6Xtg7WaOvIxaz57s+dIGbZoF8TEKh6tetVQzpSc root@ubuntu-xenial
[   23.633039] cloud-init[948]: The key's randomart image is:
         Starting LSB: Record successful boot for GRUB...
[   23.633186] cloud-init[948]: +---[DSA 1024]----+
[   23.639567] cloud-init[948]: |            .   o|
         Starting LSB: MD monitoring daemon...
[   23.639964] cloud-init[948]: |           o ..B |
[   23.644173] cloud-init[948]: |            + Eo*|
         Starting Accounts Service...
[   23.644564] cloud-init[948]: |           . +.o.|
[   23.648819] cloud-init[948]: |        S . o .+ |
         [   23.650824] Starting /etc/rc.local Compatibility...cloud-init
[948]: |       . . . .+ =|
[   23.653953] cloud-init[948]: |        o . .o @ |
[   23.654178] cloud-init[948]: |         o . BB+B|
[[0;32m  OK  [0m] Started Regular background program processing daemon.
[   23.654316] cloud-init[948]: |          oo+*/@o|
         [   23.659495] Starting Login Service...cloud-init
[948]: +----[SHA256]-----+
[   23.662964] cloud-init[948]: Generating public/private ecdsa key pair.
[   23.665279] cloud-init[948]: Your identification has been saved in /etc/ssh/ssh_host_ecdsa_key.
[   23.665487] cloud-init[948]: Your public key has been saved in /etc/ssh/ssh_host_ecdsa_key.pub.
[[0;32m  OK  [0m] Started ACPI event daemon.
[   23.665622] cloud-init[948]: The key fingerprint is:
[   23.672882] cloud-init[948]: SHA256:OG9+m61DkN8cGhyFOz1Jn2AuRqRUnttdhK/k9nhq5bY root@ubuntu-xenial
[   23.673097] cloud-init[948]: The key's randomart image is:
[[0;32m  OK  [0m] Started Deferred execution scheduler.
[   23.673367] cloud-init[948]: +---[ECDSA 256]---+
[   23.836282] cloud-init[948]: |        .ooo.  ..|
[   23.836603] cloud-init[948]: |       . o+.+ .. |
         Starting Pollinate to seed the pseudo random number generator...
[   23.836761] cloud-init[948]: |        .+oB + o.|
[   23.954180] cloud-init[948]: |       .o Bo*.+..|
[   23.954424] cloud-init[948]: |      o S+.B.=.. |
[   23.954673] cloud-init[948]: |       o  + o + .|
[   23.954794] cloud-init[948]: |        o.   . = |
[[0;32m  OK  [0m] Started FUSE filesystem for LXC.
[   23.954926] cloud-init[948]: |       o  oo  o =|
[   23.958015] cloud-init[948]: |        ..++...E.|
[   23.958645] cloud-init[948]: +----[SHA256]-----+
[   23.958866] cloud-init[948]: Generating public/private ed25519 key pair.
[   23.959075] cloud-init[948]: Your identification has been saved in /etc/ssh/ssh_host_ed25519_key.
         Starting Virtualbox guest utils...
[   23.959185] cloud-init[948]: Your public key has been saved in /etc/ssh/ssh_host_ed25519_key.pub.
[   24.077414] cloud-init[948]: The key fingerprint is:
[   24.077695] cloud-init[948]: SHA256:FPzsI4KoZyrVygbyUZ5Nuoic444p0Cl63S2u9I6HluQ root@ubuntu-xenial
[[0;32m  OK  [0m] Started D-Bus System Message Bus.
[   24.077810] cloud-init[948]: The key's randomart image is:
[   24.101122] cloud-init[948]: +--[ED25519 256]--+
[   24.102417] cloud-init[948]: |       ..        |
[   24.103733] cloud-init[948]: |        ..       |
[   24.144515] cloud-init[948]: |        .o       |
[   24.144967] cloud-init[948]: |    . ..  o      |
         Starting System Logging Service...
[   24.145166] cloud-init[948]: | . * *  S.       |
[   24.344995] cloud-init[948]: |= * B o . o      |
[   24.345330] cloud-init[948]: |=O.B.= o . .     |
         Starting Snappy daemon...
[   24.345462] cloud-init[948]: |B=X.Eo+ .        |
         [   24.389872] Starting LXD - container startup/shutdown...cloud-init
[948]: |OO..o=+.         |
[   24.389993] cloud-init[948]: +----[SHA256]-----+
[[0;32m  OK  [0m] Started System Logging Service.
[[0;32m  OK  [0m] Started /etc/rc.local Compatibility.
[[0;32m  OK  [0m] Started iSCSI initiator daemon (iscsid).
[[0;32m  OK  [0m] Started LXD - container startup/shutdown.
[[0;32m  OK  [0m] Started LSB: Record successful boot for GRUB.
[[0;32m  OK  [0m] Started LSB: MD monitoring daemon.
[[0;32m  OK  [0m] Started Login Service.
         Starting Authenticate and Authorize Users to Run Privileged Tasks...
         Starting Login to default iSCSI targets...
[[0;32m  OK  [0m] Started Snappy daemon.
[[0;32m  OK  [0m] Started Virtualbox guest utils.
[[0;32m  OK  [0m] Started Authenticate and Authorize Users to Run Privileged Tasks.
[[0;32m  OK  [0m] Started Accounts Service.
         Starting Wait until snapd is fully seeded...
[[0;32m  OK  [0m] Started Login to default iSCSI targets.
[[0;32m  OK  [0m] Reached target Remote File Systems (Pre).
[[0;32m  OK  [0m] Reached target Remote File Systems.
         Starting LSB: daemon to balance interrupts for SMP systems...
         Starting LSB: automatic crash report generation...
         Starting Permit User Sessions...
         Starting LSB: Set the CPU Frequency Scaling governor to "ondemand"...
[[0;32m  OK  [0m] Started Permit User Sessions.
         Starting Terminate Plymouth Boot Screen...
         Starting Hold until boot process finishes up...
[[0;32m  OK  [0m] Started LSB: daemon to balance interrupts for SMP systems.
[[0;32m  OK  [0m] Started LSB: automatic crash report generation.
[[0;32m  OK  [0m] Started LSB: Set the CPU Frequency Scaling governor to "ondemand".
[[0;32m  OK  [0m] Started Terminate Plymouth Boot Screen.
[[0;32m  OK  [0m] Started Hold until boot process finishes up.
[[0;32m  OK  [0m] Started Getty on tty1.
[[0;32m  OK  [0m] Started Serial Getty on ttyS0.
[[0;32m  OK  [0m] Reached target Login Prompts.
         Starting Set console scheme...
[[0;32m  OK  [0m] Started Pollinate to seed the pseudo random number generator.
[[0;32m  OK  [0m] Started Set console scheme.
         Starting OpenBSD Secure Shell server...
[[0;32m  OK  [0m] Started OpenBSD Secure Shell server.
[[0;32m  OK  [0m] Created slice User Slice of vagrant.
         Starting User Manager for UID 1000...
[[0;32m  OK  [0m] Started User Manager for UID 1000.
[[0;32m  OK  [0m] Started Session 1 of user vagrant.

Ubuntu 16.04.5 LTS ubuntu-xenial ttyS0

ubuntu-xenial login: [   46.353273] cloud-init[1595]: Generating locales (this might take a while)...
[   46.973443] cloud-init[1595]:   en_US.UTF-8... done
[   46.973914] cloud-init[1595]: Generation complete.
[   47.246956] cloud-init[1595]: Cloud-init v. 18.3-9-g2e62cb8a-0ubuntu1~16.04.2 running 'modules:config' at Thu, 04 Oct 2018 19:15:21 +0000. Up 46.25 seconds.
ci-info: no authorized ssh keys fingerprints found for user ubuntu.
<14>Oct  4 19:15:22 ec2: 
<14>Oct  4 19:15:22 ec2: #############################################################
<14>Oct  4 19:15:22 ec2: -----BEGIN SSH HOST KEY FINGERPRINTS-----
<14>Oct  4 19:15:22 ec2: 1024 SHA256:/r/H6Xtg7WaOvIxaz57s+dIGbZoF8TEKh6tetVQzpSc root@ubuntu-xenial (DSA)
<14>Oct  4 19:15:22 ec2: 256 SHA256:OG9+m61DkN8cGhyFOz1Jn2AuRqRUnttdhK/k9nhq5bY root@ubuntu-xenial (ECDSA)
<14>Oct  4 19:15:22 ec2: 256 SHA256:FPzsI4KoZyrVygbyUZ5Nuoic444p0Cl63S2u9I6HluQ root@ubuntu-xenial (ED25519)
<14>Oct  4 19:15:22 ec2: 2048 SHA256:eAVdca15IXjVbDPpy8tI7HRC8P+uTuCJqKZ8SPvLzOM root@ubuntu-xenial (RSA)
<14>Oct  4 19:15:22 ec2: -----END SSH HOST KEY FINGERPRINTS-----
<14>Oct  4 19:15:22 ec2: #############################################################
-----BEGIN SSH HOST KEY KEYS-----
ecdsa-sha2-nistp256 AAAAE2VjZHNhLXNoYTItbmlzdHAyNTYAAAAIbmlzdHAyNTYAAABBBIN0lVm+AA2hXblu7GZ4K+2Z25l8EbdnIfWFJ8FuVeGQgbWhQ6lzS7GEC7LQ16hx0+TmhWzNhflJQAkMT3dqAJA= root@ubuntu-xenial
ssh-ed25519 AAAAC3NzaC1lZDI1NTE5AAAAICv9AZmUGl0Z4Qx3cqibgIU7+ma061bBcSpFvJ2nkUXW root@ubuntu-xenial
ssh-rsa AAAAB3NzaC1yc2EAAAADAQABAAABAQDIRoccjzfrgFPES09sQQCV1J6eupMGBngbOiOAx8QiNppUu5tUfMchuQAklFNLD3xOpHbBPRw0wa9eslDIzNlQiy2983zuazhl+r5RFiwAF3WA2qvwCQ+VTIq+gM5Qe97TdNx4+uwgTQINFLF75L3QGzLBl3bbJcvs17h7ngyouIALghE+IYZH6cvEEEAFUSL1cBIotTvDm85KHAJAYI+NKBKSrU4tJoPDWqYHts/+7Q53alD821U4qeAEF0CplrifOPO71JeVcRMBx89RmMuiF3ciFg3+sO1F3AzFV5OHKSgQ93lSwBkkLqVygeps18mKWA+cudVl9/phKXs+nDVB root@ubuntu-xenial
-----END SSH HOST KEY KEYS-----
[   47.614051] cloud-init[1635]: Cloud-init v. 18.3-9-g2e62cb8a-0ubuntu1~16.04.2 running 'modules:final' at Thu, 04 Oct 2018 19:15:22 +0000. Up 47.49 seconds.
[   47.614264] cloud-init[1635]: ci-info: no authorized ssh keys fingerprints found for user ubuntu.
[   47.614428] cloud-init[1635]: Cloud-init v. 18.3-9-g2e62cb8a-0ubuntu1~16.04.2 finished at Thu, 04 Oct 2018 19:15:22 +0000. Datasource DataSourceNoCloud [seed=/dev/sdb][dsmode=net].  Up 47.60 seconds
